[0.003s] Invoking command in '/home/raviraj/Documents/ROS2/workspaces/ros2_cpp_ws/build/udemy_ros2_pkg': CMAKE_PREFIX_PATH=/opt/ros/humble /usr/bin/cmake /home/raviraj/Documents/ROS2/workspaces/ros2_cpp_ws/src/udemy_ros2_pkg -DCMAKE_INSTALL_PREFIX=/home/raviraj/Documents/ROS2/workspaces/ros2_cpp_ws/install/udemy_ros2_pkg
[0.242s] -- The C compiler identification is GNU 11.4.0
[0.839s] -- The CXX compiler identification is GNU 11.4.0
[1.192s] -- Detecting C compiler ABI info
[1.319s] -- Detecting C compiler ABI info - done
[1.323s] -- Check for working C compiler: /usr/bin/cc - skipped
[1.324s] -- Detecting C compile features
[1.325s] -- Detecting C compile features - done
[1.328s] -- Detecting CXX compiler ABI info
[1.469s] -- Detecting CXX compiler ABI info - done
[1.472s] -- Check for working CXX compiler: /usr/bin/c++ - skipped
[1.472s] -- Detecting CXX compile features
[1.473s] -- Detecting CXX compile features - done
[1.482s] -- Found ament_cmake: 1.3.10 (/opt/ros/humble/share/ament_cmake/cmake)
[1.550s] -- Found Python3: /usr/bin/python3 (found version "3.10.12") found components: Interpreter 
[1.604s] -- Found ament_lint_auto: 0.12.11 (/opt/ros/humble/share/ament_lint_auto/cmake)
[1.644s] -- Added test 'lint_cmake' to check CMake code style
[1.645s] -- Added test 'xmllint' to check XML markup files
[1.646s] -- Configuring done
[1.649s] -- Generating done
[1.649s] -- Build files have been written to: /home/raviraj/Documents/ROS2/workspaces/ros2_cpp_ws/build/udemy_ros2_pkg
[1.655s] Invoked command in '/home/raviraj/Documents/ROS2/workspaces/ros2_cpp_ws/build/udemy_ros2_pkg' returned '0': CMAKE_PREFIX_PATH=/opt/ros/humble /usr/bin/cmake /home/raviraj/Documents/ROS2/workspaces/ros2_cpp_ws/src/udemy_ros2_pkg -DCMAKE_INSTALL_PREFIX=/home/raviraj/Documents/ROS2/workspaces/ros2_cpp_ws/install/udemy_ros2_pkg
[1.655s] Invoking command in '/home/raviraj/Documents/ROS2/workspaces/ros2_cpp_ws/build/udemy_ros2_pkg': CMAKE_PREFIX_PATH=/opt/ros/humble /usr/bin/cmake --build /home/raviraj/Documents/ROS2/workspaces/ros2_cpp_ws/build/udemy_ros2_pkg -- -j32 -l32
[1.669s] Invoked command in '/home/raviraj/Documents/ROS2/workspaces/ros2_cpp_ws/build/udemy_ros2_pkg' returned '0': CMAKE_PREFIX_PATH=/opt/ros/humble /usr/bin/cmake --build /home/raviraj/Documents/ROS2/workspaces/ros2_cpp_ws/build/udemy_ros2_pkg -- -j32 -l32
[1.681s] Invoking command in '/home/raviraj/Documents/ROS2/workspaces/ros2_cpp_ws/build/udemy_ros2_pkg': CMAKE_PREFIX_PATH=/opt/ros/humble /usr/bin/cmake --install /home/raviraj/Documents/ROS2/workspaces/ros2_cpp_ws/build/udemy_ros2_pkg
[1.683s] -- Install configuration: ""
[1.683s] -- Installing: /home/raviraj/Documents/ROS2/workspaces/ros2_cpp_ws/install/udemy_ros2_pkg/share/ament_index/resource_index/package_run_dependencies/udemy_ros2_pkg
[1.683s] -- Installing: /home/raviraj/Documents/ROS2/workspaces/ros2_cpp_ws/install/udemy_ros2_pkg/share/ament_index/resource_index/parent_prefix_path/udemy_ros2_pkg
[1.683s] -- Installing: /home/raviraj/Documents/ROS2/workspaces/ros2_cpp_ws/install/udemy_ros2_pkg/share/udemy_ros2_pkg/environment/ament_prefix_path.sh
[1.684s] -- Installing: /home/raviraj/Documents/ROS2/workspaces/ros2_cpp_ws/install/udemy_ros2_pkg/share/udemy_ros2_pkg/environment/ament_prefix_path.dsv
[1.684s] -- Installing: /home/raviraj/Documents/ROS2/workspaces/ros2_cpp_ws/install/udemy_ros2_pkg/share/udemy_ros2_pkg/environment/path.sh
[1.684s] -- Installing: /home/raviraj/Documents/ROS2/workspaces/ros2_cpp_ws/install/udemy_ros2_pkg/share/udemy_ros2_pkg/environment/path.dsv
[1.684s] -- Installing: /home/raviraj/Documents/ROS2/workspaces/ros2_cpp_ws/install/udemy_ros2_pkg/share/udemy_ros2_pkg/local_setup.bash
[1.684s] -- Installing: /home/raviraj/Documents/ROS2/workspaces/ros2_cpp_ws/install/udemy_ros2_pkg/share/udemy_ros2_pkg/local_setup.sh
[1.684s] -- Installing: /home/raviraj/Documents/ROS2/workspaces/ros2_cpp_ws/install/udemy_ros2_pkg/share/udemy_ros2_pkg/local_setup.zsh
[1.684s] -- Installing: /home/raviraj/Documents/ROS2/workspaces/ros2_cpp_ws/install/udemy_ros2_pkg/share/udemy_ros2_pkg/local_setup.dsv
[1.684s] -- Installing: /home/raviraj/Documents/ROS2/workspaces/ros2_cpp_ws/install/udemy_ros2_pkg/share/udemy_ros2_pkg/package.dsv
[1.684s] -- Installing: /home/raviraj/Documents/ROS2/workspaces/ros2_cpp_ws/install/udemy_ros2_pkg/share/ament_index/resource_index/packages/udemy_ros2_pkg
[1.684s] -- Installing: /home/raviraj/Documents/ROS2/workspaces/ros2_cpp_ws/install/udemy_ros2_pkg/share/udemy_ros2_pkg/cmake/udemy_ros2_pkgConfig.cmake
[1.684s] -- Installing: /home/raviraj/Documents/ROS2/workspaces/ros2_cpp_ws/install/udemy_ros2_pkg/share/udemy_ros2_pkg/cmake/udemy_ros2_pkgConfig-version.cmake
[1.686s] -- Installing: /home/raviraj/Documents/ROS2/workspaces/ros2_cpp_ws/install/udemy_ros2_pkg/share/udemy_ros2_pkg/package.xml
[1.686s] Invoked command in '/home/raviraj/Documents/ROS2/workspaces/ros2_cpp_ws/build/udemy_ros2_pkg' returned '0': CMAKE_PREFIX_PATH=/opt/ros/humble /usr/bin/cmake --install /home/raviraj/Documents/ROS2/workspaces/ros2_cpp_ws/build/udemy_ros2_pkg
