[35m[1mConsolidate compiler generated dependencies of target publisher[0m
gmake[2]: Warning: File 'publisher' has modification time 100 s in the future
gmake[2]: warning:  Clock skew detected.  Your build may be incomplete.
[100%] Built target publisher
-- Install configuration: ""
-- Up-to-date: /home/raviraj/Documents/ROS2/workspaces/install/udemy_ros2_pkg/lib/udemy_ros2_pkg/publisher
-- Up-to-date: /home/raviraj/Documents/ROS2/workspaces/install/udemy_ros2_pkg/share/ament_index/resource_index/package_run_dependencies/udemy_ros2_pkg
-- Up-to-date: /home/raviraj/Documents/ROS2/workspaces/install/udemy_ros2_pkg/share/ament_index/resource_index/parent_prefix_path/udemy_ros2_pkg
-- Up-to-date: /home/raviraj/Documents/ROS2/workspaces/install/udemy_ros2_pkg/share/udemy_ros2_pkg/environment/ament_prefix_path.sh
-- Up-to-date: /home/raviraj/Documents/ROS2/workspaces/install/udemy_ros2_pkg/share/udemy_ros2_pkg/environment/ament_prefix_path.dsv
-- Up-to-date: /home/raviraj/Documents/ROS2/workspaces/install/udemy_ros2_pkg/share/udemy_ros2_pkg/environment/path.sh
-- Up-to-date: /home/raviraj/Documents/ROS2/workspaces/install/udemy_ros2_pkg/share/udemy_ros2_pkg/environment/path.dsv
-- Up-to-date: /home/raviraj/Documents/ROS2/workspaces/install/udemy_ros2_pkg/share/udemy_ros2_pkg/local_setup.bash
-- Up-to-date: /home/raviraj/Documents/ROS2/workspaces/install/udemy_ros2_pkg/share/udemy_ros2_pkg/local_setup.sh
-- Up-to-date: /home/raviraj/Documents/ROS2/workspaces/install/udemy_ros2_pkg/share/udemy_ros2_pkg/local_setup.zsh
-- Up-to-date: /home/raviraj/Documents/ROS2/workspaces/install/udemy_ros2_pkg/share/udemy_ros2_pkg/local_setup.dsv
-- Installing: /home/raviraj/Documents/ROS2/workspaces/install/udemy_ros2_pkg/share/udemy_ros2_pkg/package.dsv
-- Up-to-date: /home/raviraj/Documents/ROS2/workspaces/install/udemy_ros2_pkg/share/ament_index/resource_index/packages/udemy_ros2_pkg
-- Up-to-date: /home/raviraj/Documents/ROS2/workspaces/install/udemy_ros2_pkg/share/udemy_ros2_pkg/cmake/udemy_ros2_pkgConfig.cmake
-- Up-to-date: /home/raviraj/Documents/ROS2/workspaces/install/udemy_ros2_pkg/share/udemy_ros2_pkg/cmake/udemy_ros2_pkgConfig-version.cmake
-- Up-to-date: /home/raviraj/Documents/ROS2/workspaces/install/udemy_ros2_pkg/share/udemy_ros2_pkg/package.xml
