[0.005s] Invoking command in '/home/raviraj/Documents/ROS2/workspaces/ros2_cpp_ws/build/udemy_ros2_pkg': CMAKE_PREFIX_PATH=${CMAKE_PREFIX_PATH}:/opt/ros/humble /usr/bin/cmake --build /home/raviraj/Documents/ROS2/workspaces/ros2_cpp_ws/build/udemy_ros2_pkg -- -j32 -l32
[0.023s] [35m[1mConsolidate compiler generated dependencies of target publisher[0m
[0.030s] gmake[2]: Warning: File 'CMakeFiles/publisher.dir/src/publisher.cpp.o' has modification time 8.8 s in the future
[0.033s] [ 50%] [32m[1mLinking CXX executable publisher[0m
[0.194s] gmake[2]: warning:  Clock skew detected.  Your build may be incomplete.
[0.197s] [100%] Built target publisher
[0.203s] Invoked command in '/home/raviraj/Documents/ROS2/workspaces/ros2_cpp_ws/build/udemy_ros2_pkg' returned '0': CMAKE_PREFIX_PATH=${CMAKE_PREFIX_PATH}:/opt/ros/humble /usr/bin/cmake --build /home/raviraj/Documents/ROS2/workspaces/ros2_cpp_ws/build/udemy_ros2_pkg -- -j32 -l32
[0.217s] Invoking command in '/home/raviraj/Documents/ROS2/workspaces/ros2_cpp_ws/build/udemy_ros2_pkg': CMAKE_PREFIX_PATH=${CMAKE_PREFIX_PATH}:/opt/ros/humble /usr/bin/cmake --install /home/raviraj/Documents/ROS2/workspaces/ros2_cpp_ws/build/udemy_ros2_pkg
[0.219s] -- Install configuration: ""
[0.219s] -- Installing: /home/raviraj/Documents/ROS2/workspaces/ros2_cpp_ws/install/udemy_ros2_pkg/lib/udemy_ros2_pkg/publisher
[0.220s] -- Set runtime path of "/home/raviraj/Documents/ROS2/workspaces/ros2_cpp_ws/install/udemy_ros2_pkg/lib/udemy_ros2_pkg/publisher" to ""
[0.220s] -- Up-to-date: /home/raviraj/Documents/ROS2/workspaces/ros2_cpp_ws/install/udemy_ros2_pkg/share/ament_index/resource_index/package_run_dependencies/udemy_ros2_pkg
[0.220s] -- Up-to-date: /home/raviraj/Documents/ROS2/workspaces/ros2_cpp_ws/install/udemy_ros2_pkg/share/ament_index/resource_index/parent_prefix_path/udemy_ros2_pkg
[0.220s] -- Up-to-date: /home/raviraj/Documents/ROS2/workspaces/ros2_cpp_ws/install/udemy_ros2_pkg/share/udemy_ros2_pkg/environment/ament_prefix_path.sh
[0.220s] -- Up-to-date: /home/raviraj/Documents/ROS2/workspaces/ros2_cpp_ws/install/udemy_ros2_pkg/share/udemy_ros2_pkg/environment/ament_prefix_path.dsv
[0.220s] -- Up-to-date: /home/raviraj/Documents/ROS2/workspaces/ros2_cpp_ws/install/udemy_ros2_pkg/share/udemy_ros2_pkg/environment/path.sh
[0.220s] -- Up-to-date: /home/raviraj/Documents/ROS2/workspaces/ros2_cpp_ws/install/udemy_ros2_pkg/share/udemy_ros2_pkg/environment/path.dsv
[0.220s] -- Up-to-date: /home/raviraj/Documents/ROS2/workspaces/ros2_cpp_ws/install/udemy_ros2_pkg/share/udemy_ros2_pkg/local_setup.bash
[0.220s] -- Up-to-date: /home/raviraj/Documents/ROS2/workspaces/ros2_cpp_ws/install/udemy_ros2_pkg/share/udemy_ros2_pkg/local_setup.sh
[0.220s] -- Up-to-date: /home/raviraj/Documents/ROS2/workspaces/ros2_cpp_ws/install/udemy_ros2_pkg/share/udemy_ros2_pkg/local_setup.zsh
[0.220s] -- Up-to-date: /home/raviraj/Documents/ROS2/workspaces/ros2_cpp_ws/install/udemy_ros2_pkg/share/udemy_ros2_pkg/local_setup.dsv
[0.220s] -- Installing: /home/raviraj/Documents/ROS2/workspaces/ros2_cpp_ws/install/udemy_ros2_pkg/share/udemy_ros2_pkg/package.dsv
[0.220s] -- Up-to-date: /home/raviraj/Documents/ROS2/workspaces/ros2_cpp_ws/install/udemy_ros2_pkg/share/ament_index/resource_index/packages/udemy_ros2_pkg
[0.220s] -- Up-to-date: /home/raviraj/Documents/ROS2/workspaces/ros2_cpp_ws/install/udemy_ros2_pkg/share/udemy_ros2_pkg/cmake/udemy_ros2_pkgConfig.cmake
[0.220s] -- Up-to-date: /home/raviraj/Documents/ROS2/workspaces/ros2_cpp_ws/install/udemy_ros2_pkg/share/udemy_ros2_pkg/cmake/udemy_ros2_pkgConfig-version.cmake
[0.220s] -- Up-to-date: /home/raviraj/Documents/ROS2/workspaces/ros2_cpp_ws/install/udemy_ros2_pkg/share/udemy_ros2_pkg/package.xml
[0.221s] Invoked command in '/home/raviraj/Documents/ROS2/workspaces/ros2_cpp_ws/build/udemy_ros2_pkg' returned '0': CMAKE_PREFIX_PATH=${CMAKE_PREFIX_PATH}:/opt/ros/humble /usr/bin/cmake --install /home/raviraj/Documents/ROS2/workspaces/ros2_cpp_ws/build/udemy_ros2_pkg
