[0.010s] Invoking command in '/home/raviraj/Documents/ROS2/workspaces/build/udemy_ros2_pkg': CMAKE_PREFIX_PATH=/opt/ros/humble /usr/bin/cmake /home/raviraj/Documents/ROS2/workspaces/ros2_cpp_ws/src/udemy_ros2_pkg -DCMAKE_INSTALL_PREFIX=/home/raviraj/Documents/ROS2/workspaces/install/udemy_ros2_pkg
[0.284s] -- The C compiler identification is GNU 11.4.0
[0.973s] -- The CXX compiler identification is GNU 11.4.0
[1.462s] -- Detecting C compiler ABI info
[1.631s] -- Detecting C compiler ABI info - done
[1.634s] -- Check for working C compiler: /usr/bin/cc - skipped
[1.635s] -- Detecting C compile features
[1.636s] -- Detecting C compile features - done
[1.639s] -- Detecting CXX compiler ABI info
[1.798s] -- Detecting CXX compiler ABI info - done
[1.801s] -- Check for working CXX compiler: /usr/bin/c++ - skipped
[1.801s] -- Detecting CXX compile features
[1.802s] -- Detecting CXX compile features - done
[1.805s] -- Found ament_cmake: 1.3.10 (/opt/ros/humble/share/ament_cmake/cmake)
[1.881s] -- Found Python3: /usr/bin/python3 (found version "3.10.12") found components: Interpreter 
[1.936s] -- Found rclcpp: 16.0.10 (/opt/ros/humble/share/rclcpp/cmake)
[2.188s] -- Found rosidl_generator_c: 3.1.5 (/opt/ros/humble/share/rosidl_generator_c/cmake)
[2.192s] -- Found rosidl_adapter: 3.1.5 (/opt/ros/humble/share/rosidl_adapter/cmake)
[2.201s] -- Found rosidl_generator_cpp: 3.1.5 (/opt/ros/humble/share/rosidl_generator_cpp/cmake)
[2.213s] -- Using all available rosidl_typesupport_c: rosidl_typesupport_fastrtps_c;rosidl_typesupport_introspection_c
[2.225s] -- Using all available rosidl_typesupport_cpp: rosidl_typesupport_fastrtps_cpp;rosidl_typesupport_introspection_cpp
[2.261s] -- Found rmw_implementation_cmake: 6.1.2 (/opt/ros/humble/share/rmw_implementation_cmake/cmake)
[2.263s] -- Found rmw_fastrtps_cpp: 6.2.7 (/opt/ros/humble/share/rmw_fastrtps_cpp/cmake)
[4.585s] -- Found OpenSSL: /usr/lib/x86_64-linux-gnu/libcrypto.so (found version "3.0.2")  
[6.055s] -- Found FastRTPS: /opt/ros/humble/include  
[8.821s] -- Using RMW implementation 'rmw_fastrtps_cpp' as default
[8.831s] -- Looking for pthread.h
[8.989s] -- Looking for pthread.h - found
[8.989s] -- Performing Test CMAKE_HAVE_LIBC_PTHREAD
[9.122s] -- Performing Test CMAKE_HAVE_LIBC_PTHREAD - Success
[9.123s] -- Found Threads: TRUE  
[9.164s] [31mCMake Error at CMakeLists.txt:13 (add_exectable):
[9.164s]   Unknown CMake command "add_exectable".
[9.164s] 
[9.164s] [0m
[9.164s] -- Configuring incomplete, errors occurred!
[9.164s] See also "/home/raviraj/Documents/ROS2/workspaces/build/udemy_ros2_pkg/CMakeFiles/CMakeOutput.log".
[9.170s] Invoked command in '/home/raviraj/Documents/ROS2/workspaces/build/udemy_ros2_pkg' returned '1': CMAKE_PREFIX_PATH=/opt/ros/humble /usr/bin/cmake /home/raviraj/Documents/ROS2/workspaces/ros2_cpp_ws/src/udemy_ros2_pkg -DCMAKE_INSTALL_PREFIX=/home/raviraj/Documents/ROS2/workspaces/install/udemy_ros2_pkg
