[0.007s] Invoking command in '/home/raviraj/Documents/ROS2/workspaces/ros2_cpp_ws/build/udemy_ros2_pkg': CMAKE_PREFIX_PATH=${CMAKE_PREFIX_PATH}:/opt/ros/humble /usr/bin/cmake --build /home/raviraj/Documents/ROS2/workspaces/ros2_cpp_ws/build/udemy_ros2_pkg -- -j32 -l32
[0.020s] -- Found ament_cmake: 1.3.10 (/opt/ros/humble/share/ament_cmake/cmake)
[0.076s] -- Found rclcpp: 16.0.10 (/opt/ros/humble/share/rclcpp/cmake)
[0.217s] -- Found rosidl_generator_c: 3.1.5 (/opt/ros/humble/share/rosidl_generator_c/cmake)
[0.219s] -- Found rosidl_adapter: 3.1.5 (/opt/ros/humble/share/rosidl_adapter/cmake)
[0.222s] -- Found rosidl_generator_cpp: 3.1.5 (/opt/ros/humble/share/rosidl_generator_cpp/cmake)
[0.227s] -- Using all available rosidl_typesupport_c: rosidl_typesupport_fastrtps_c;rosidl_typesupport_introspection_c
[0.233s] -- Using all available rosidl_typesupport_cpp: rosidl_typesupport_fastrtps_cpp;rosidl_typesupport_introspection_cpp
[0.250s] -- Found rmw_implementation_cmake: 6.1.2 (/opt/ros/humble/share/rmw_implementation_cmake/cmake)
[0.251s] -- Found rmw_fastrtps_cpp: 6.2.7 (/opt/ros/humble/share/rmw_fastrtps_cpp/cmake)
[1.663s] -- Found OpenSSL: /usr/lib/x86_64-linux-gnu/libcrypto.so (found version "3.0.2")  
[3.246s] -- Found FastRTPS: /opt/ros/humble/include  
[6.108s] -- Using RMW implementation 'rmw_fastrtps_cpp' as default
[6.112s] -- Looking for pthread.h
[6.264s] -- Looking for pthread.h - found
[6.265s] -- Performing Test CMAKE_HAVE_LIBC_PTHREAD
[6.388s] -- Performing Test CMAKE_HAVE_LIBC_PTHREAD - Success
[6.388s] -- Found Threads: TRUE  
[6.410s] -- Found ament_lint_auto: 0.12.11 (/opt/ros/humble/share/ament_lint_auto/cmake)
[6.448s] -- Added test 'cppcheck' to perform static code analysis on C / C++ code
[6.448s] -- Configured cppcheck include dirs: 
[6.448s] -- Configured cppcheck exclude dirs and/or files: 
[6.449s] -- Added test 'lint_cmake' to check CMake code style
[6.449s] -- Added test 'uncrustify' to check C / C++ code style
[6.449s] -- Configured uncrustify additional arguments: 
[6.449s] -- Added test 'xmllint' to check XML markup files
[6.450s] -- Configuring done
[6.458s] -- Generating done
[6.459s] -- Build files have been written to: /home/raviraj/Documents/ROS2/workspaces/ros2_cpp_ws/build/udemy_ros2_pkg
[6.472s] [ 50%] [32mBuilding CXX object CMakeFiles/publisher.dir/src/publisher.cpp.o[0m
[8.423s] [100%] [32m[1mLinking CXX executable publisher[0m
[8.623s] [100%] Built target publisher
[8.628s] Invoked command in '/home/raviraj/Documents/ROS2/workspaces/ros2_cpp_ws/build/udemy_ros2_pkg' returned '0': CMAKE_PREFIX_PATH=${CMAKE_PREFIX_PATH}:/opt/ros/humble /usr/bin/cmake --build /home/raviraj/Documents/ROS2/workspaces/ros2_cpp_ws/build/udemy_ros2_pkg -- -j32 -l32
[8.642s] Invoking command in '/home/raviraj/Documents/ROS2/workspaces/ros2_cpp_ws/build/udemy_ros2_pkg': CMAKE_PREFIX_PATH=${CMAKE_PREFIX_PATH}:/opt/ros/humble /usr/bin/cmake --install /home/raviraj/Documents/ROS2/workspaces/ros2_cpp_ws/build/udemy_ros2_pkg
[8.644s] -- Install configuration: ""
[8.644s] -- Installing: /home/raviraj/Documents/ROS2/workspaces/ros2_cpp_ws/install/udemy_ros2_pkg/lib/udemy_ros2_pkg/publisher
[8.645s] -- Set runtime path of "/home/raviraj/Documents/ROS2/workspaces/ros2_cpp_ws/install/udemy_ros2_pkg/lib/udemy_ros2_pkg/publisher" to ""
[8.645s] -- Installing: /home/raviraj/Documents/ROS2/workspaces/ros2_cpp_ws/install/udemy_ros2_pkg/share/ament_index/resource_index/package_run_dependencies/udemy_ros2_pkg
[8.645s] -- Installing: /home/raviraj/Documents/ROS2/workspaces/ros2_cpp_ws/install/udemy_ros2_pkg/share/ament_index/resource_index/parent_prefix_path/udemy_ros2_pkg
[8.645s] -- Up-to-date: /home/raviraj/Documents/ROS2/workspaces/ros2_cpp_ws/install/udemy_ros2_pkg/share/udemy_ros2_pkg/environment/ament_prefix_path.sh
[8.645s] -- Installing: /home/raviraj/Documents/ROS2/workspaces/ros2_cpp_ws/install/udemy_ros2_pkg/share/udemy_ros2_pkg/environment/ament_prefix_path.dsv
[8.645s] -- Up-to-date: /home/raviraj/Documents/ROS2/workspaces/ros2_cpp_ws/install/udemy_ros2_pkg/share/udemy_ros2_pkg/environment/path.sh
[8.645s] -- Installing: /home/raviraj/Documents/ROS2/workspaces/ros2_cpp_ws/install/udemy_ros2_pkg/share/udemy_ros2_pkg/environment/path.dsv
[8.645s] -- Up-to-date: /home/raviraj/Documents/ROS2/workspaces/ros2_cpp_ws/install/udemy_ros2_pkg/share/udemy_ros2_pkg/local_setup.bash
[8.646s] -- Up-to-date: /home/raviraj/Documents/ROS2/workspaces/ros2_cpp_ws/install/udemy_ros2_pkg/share/udemy_ros2_pkg/local_setup.sh
[8.646s] -- Up-to-date: /home/raviraj/Documents/ROS2/workspaces/ros2_cpp_ws/install/udemy_ros2_pkg/share/udemy_ros2_pkg/local_setup.zsh
[8.646s] -- Installing: /home/raviraj/Documents/ROS2/workspaces/ros2_cpp_ws/install/udemy_ros2_pkg/share/udemy_ros2_pkg/local_setup.dsv
[8.646s] -- Installing: /home/raviraj/Documents/ROS2/workspaces/ros2_cpp_ws/install/udemy_ros2_pkg/share/udemy_ros2_pkg/package.dsv
[8.646s] -- Up-to-date: /home/raviraj/Documents/ROS2/workspaces/ros2_cpp_ws/install/udemy_ros2_pkg/share/ament_index/resource_index/packages/udemy_ros2_pkg
[8.646s] -- Up-to-date: /home/raviraj/Documents/ROS2/workspaces/ros2_cpp_ws/install/udemy_ros2_pkg/share/udemy_ros2_pkg/cmake/udemy_ros2_pkgConfig.cmake
[8.646s] -- Up-to-date: /home/raviraj/Documents/ROS2/workspaces/ros2_cpp_ws/install/udemy_ros2_pkg/share/udemy_ros2_pkg/cmake/udemy_ros2_pkgConfig-version.cmake
[8.646s] -- Installing: /home/raviraj/Documents/ROS2/workspaces/ros2_cpp_ws/install/udemy_ros2_pkg/share/udemy_ros2_pkg/package.xml
[8.647s] Invoked command in '/home/raviraj/Documents/ROS2/workspaces/ros2_cpp_ws/build/udemy_ros2_pkg' returned '0': CMAKE_PREFIX_PATH=${CMAKE_PREFIX_PATH}:/opt/ros/humble /usr/bin/cmake --install /home/raviraj/Documents/ROS2/workspaces/ros2_cpp_ws/build/udemy_ros2_pkg
