[0.006s] Invoking command in '/home/raviraj/Documents/ROS2/workspaces/build/udemy_ros2_pkg': CMAKE_PREFIX_PATH=/opt/ros/humble /usr/bin/cmake /home/raviraj/Documents/ROS2/workspaces/ros2_cpp_ws/src/udemy_ros2_pkg -DCMAKE_INSTALL_PREFIX=/home/raviraj/Documents/ROS2/workspaces/install/udemy_ros2_pkg
[0.010s] -- Found ament_cmake: 1.3.10 (/opt/ros/humble/share/ament_cmake/cmake)
[0.067s] -- Found rclcpp: 16.0.10 (/opt/ros/humble/share/rclcpp/cmake)
[0.186s] -- Found rosidl_generator_c: 3.1.5 (/opt/ros/humble/share/rosidl_generator_c/cmake)
[0.187s] -- Found rosidl_adapter: 3.1.5 (/opt/ros/humble/share/rosidl_adapter/cmake)
[0.190s] -- Found rosidl_generator_cpp: 3.1.5 (/opt/ros/humble/share/rosidl_generator_cpp/cmake)
[0.194s] -- Using all available rosidl_typesupport_c: rosidl_typesupport_fastrtps_c;rosidl_typesupport_introspection_c
[0.199s] -- Using all available rosidl_typesupport_cpp: rosidl_typesupport_fastrtps_cpp;rosidl_typesupport_introspection_cpp
[0.214s] -- Found rmw_implementation_cmake: 6.1.2 (/opt/ros/humble/share/rmw_implementation_cmake/cmake)
[0.214s] -- Found rmw_fastrtps_cpp: 6.2.7 (/opt/ros/humble/share/rmw_fastrtps_cpp/cmake)
[6.026s] -- Using RMW implementation 'rmw_fastrtps_cpp' as default
[6.050s] -- Configuring incomplete, errors occurred!
[6.051s] See also "/home/raviraj/Documents/ROS2/workspaces/build/udemy_ros2_pkg/CMakeFiles/CMakeOutput.log".
[6.051s] [31mCMake Error at CMakeLists.txt:13 (add_executable):
[6.051s]   Syntax error in cmake code at
[6.051s] 
[6.051s]     /home/raviraj/Documents/ROS2/workspaces/ros2_cpp_ws/src/udemy_ros2_pkg/CMakeLists.txt:13
[6.051s] 
[6.051s]   when parsing string
[6.051s] 
[6.051s]     src\publisher.cpp
[6.051s] 
[6.051s]   Invalid character escape '\p'.
[6.051s] 
[6.051s] [0m
[6.055s] Invoked command in '/home/raviraj/Documents/ROS2/workspaces/build/udemy_ros2_pkg' returned '1': CMAKE_PREFIX_PATH=/opt/ros/humble /usr/bin/cmake /home/raviraj/Documents/ROS2/workspaces/ros2_cpp_ws/src/udemy_ros2_pkg -DCMAKE_INSTALL_PREFIX=/home/raviraj/Documents/ROS2/workspaces/install/udemy_ros2_pkg
